<?xml version="1.0" encoding="UTF-8"?>
<testsuite xmlns:xsi="http://www.w3.org/2001/XMLSchema-instance" xsi:noNamespaceSchemaLocation="https://maven.apache.org/surefire/maven-surefire-plugin/xsd/surefire-test-report.xsd" name="com.newRest.studentservice.studentservice.StudentserviceApplicationTests" time="0.231" tests="1" errors="1" skipped="0" failures="0">
  <properties>
[...]
</properties>
  <testcase name="com.newRest.studentservice.studentservice.StudentserviceApplicationTests" classname="com.newRest.studentservice.studentservice.StudentserviceApplicationTests" time="0.23">
    <error message="Unable to find a @SpringBootConfiguration, you need to use @ContextConfiguration or @SpringBootTest(classes=...) with your test" type="java.lang.IllegalStateException">java.lang.IllegalStateException: Unable to find a @SpringBootConfiguration, you need to use @ContextConfiguration or @SpringBootTest(classes=...) with your test
</error>
    <system-out><![CDATA[13:54:27.219 [main] DEBUG org.springframework.test.context.BootstrapUtils - Instantiating CacheAwareContextLoaderDelegate from class [org.springframework.test.context.cache.DefaultCacheAwareContextLoaderDelegate]
13:54:27.231 [main] DEBUG org.springframework.test.context.BootstrapUtils - Instantiating BootstrapContext using constructor [public org.springframework.test.context.support.DefaultBootstrapContext(java.lang.Class,org.springframework.test.context.CacheAwareContextLoaderDelegate)]
13:54:27.281 [main] DEBUG org.springframework.test.context.BootstrapUtils - Instantiating TestContextBootstrapper for test class [com.newRest.studentservice.studentservice.StudentserviceApplicationTests] from class [org.springframework.boot.test.context.SpringBootTestContextBootstrapper]
13:54:27.293 [main] INFO org.springframework.boot.test.context.SpringBootTestContextBootstrapper - Neither @ContextConfiguration nor @ContextHierarchy found for test class [com.newRest.studentservice.studentservice.StudentserviceApplicationTests], using SpringBootContextLoader
13:54:27.297 [main] DEBUG org.springframework.test.context.support.AbstractContextLoader - Did not detect default resource location for test class [com.newRest.studentservice.studentservice.StudentserviceApplicationTests]: class path resource [com/newRest/studentservice/studentservice/StudentserviceApplicationTests-context.xml] does not exist
13:54:27.297 [main] DEBUG org.springframework.test.context.support.AbstractContextLoader - Did not detect default resource location for test class [com.newRest.studentservice.studentservice.StudentserviceApplicationTests]: class path resource [com/newRest/studentservice/studentservice/StudentserviceApplicationTestsContext.groovy] does not exist
13:54:27.297 [main] INFO org.springframework.test.context.support.AbstractContextLoader - Could not detect default resource locations for test class [com.newRest.studentservice.studentservice.StudentserviceApplicationTests]: no resource found for suffixes {-context.xml, Context.groovy}.
13:54:27.297 [main] INFO org.springframework.test.context.support.AnnotationConfigContextLoaderUtils - Could not detect default configuration classes for test class [com.newRest.studentservice.studentservice.StudentserviceApplicationTests]: StudentserviceApplicationTests does not declare any static, non-private, non-final, nested classes annotated with @Configuration.
13:54:27.346 [main] DEBUG org.springframework.test.context.support.ActiveProfilesUtils - Could not find an 'annotation declaring class' for annotation type [org.springframework.test.context.ActiveProfiles] and class [com.newRest.studentservice.studentservice.StudentserviceApplicationTests]
]]></system-out>
  </testcase>
</testsuite>